#
# There is insufficient memory for the Java Runtime Environment to continue.
# Native memory allocation (mmap) failed to map 65536 bytes for Failed to commit metaspace.
# Possible reasons:
#   The system is out of physical RAM or swap space
#   The process is running with CompressedOops enabled, and the Java Heap may be blocking the growth of the native heap
# Possible solutions:
#   Reduce memory load on the system
#   Increase physical memory or swap space
#   Check if swap backing store is full
#   Decrease Java heap size (-Xmx/-Xms)
#   Decrease number of Java threads
#   Decrease Java thread stack sizes (-Xss)
#   Set larger code cache with -XX:ReservedCodeCacheSize=
#   JVM is running with Zero Based Compressed Oops mode in which the Java heap is
#     placed in the first 32GB address space. The Java Heap base address is the
#     maximum limit for the native heap growth. Please use -XX:HeapBaseMinAddress
#     to set the Java Heap base and to place the Java Heap above 32GB virtual address.
# This output file may be truncated or incomplete.
#
#  Out of Memory Error (virtualSpaceNode.cpp:110), pid=36188, tid=35296
#
# JRE version: Java(TM) SE Runtime Environment (17.0.9+11) (build 17.0.9+11-LTS-201)
# Java VM: Java HotSpot(TM) 64-Bit Server VM (17.0.9+11-LTS-201, mixed mode, tiered, compressed oops, compressed class ptrs, g1 gc, windows-amd64)
# No core dump will be written. Minidumps are not enabled by default on client versions of Windows
#

---------------  S U M M A R Y ------------

Command Line: --add-modules=javafx.controls,javafx.media --module-path=C:\Users\admin\.gradle\caches\modules-2\files-2.1\org.openjfx\javafx-controls\17.0.2\707f290bacde2738c0a7e1d0b4a8193002c29cf7\javafx-controls-17.0.2-win.jar;C:\Users\admin\.gradle\caches\modules-2\files-2.1\org.openjfx\javafx-media\17.0.2\5c6c84557bcd0016b5784d2b0cd8ae769e63d4ed\javafx-media-17.0.2-win.jar;C:\Users\admin\.gradle\caches\modules-2\files-2.1\org.openjfx\javafx-graphics\17.0.2\6f95886c8fed3e1b21370a199c3937846ef6b3cc\javafx-graphics-17.0.2-win.jar;C:\Users\admin\.gradle\caches\modules-2\files-2.1\org.openjfx\javafx-base\17.0.2\1bd6dc88b180a6239a5067320c2f0d7f3526e1d2\javafx-base-17.0.2-win.jar -agentlib:jdwp=transport=dt_socket,server=n,suspend=y,address=127.0.0.1:54374 -Dfile.encoding=GBK -Duser.country=CN -Duser.language=zh -Duser.variant invaders.App

Host: 11th Gen Intel(R) Core(TM) i7-11700K @ 3.60GHz, 16 cores, 31G,  Windows 10 , 64 bit Build 19041 (10.0.19041.3570)
Time: Sat Oct 21 20:47:00 2023  Windows 10 , 64 bit Build 19041 (10.0.19041.3570) elapsed time: 0.067669 seconds (0d 0h 0m 0s)

---------------  T H R E A D  ---------------

Current thread (0x000001cdf209bf90):  JavaThread "main" [_thread_in_vm, id=35296, stack(0x0000002deee00000,0x0000002deef00000)]

Stack: [0x0000002deee00000,0x0000002deef00000]
Native frames: (J=compiled Java code, j=interpreted, Vv=VM code, C=native code)
V  [jvm.dll+0x678a4a]
V  [jvm.dll+0x7d9cfd]
V  [jvm.dll+0x7db60e]
V  [jvm.dll+0x7dbc73]
V  [jvm.dll+0x245e1f]
V  [jvm.dll+0x7d5a0b]
V  [jvm.dll+0x61ebc6]
V  [jvm.dll+0x61ec2a]
V  [jvm.dll+0x62145d]
V  [jvm.dll+0x61f586]
V  [jvm.dll+0x1e447b]
V  [jvm.dll+0x1e3e5e]
V  [jvm.dll+0x1eabeb]
V  [jvm.dll+0x1e0391]
V  [jvm.dll+0x53eaec]
V  [jvm.dll+0x1f0caa]
V  [jvm.dll+0x75394d]
V  [jvm.dll+0x754d46]
V  [jvm.dll+0x7554d5]
V  [jvm.dll+0x1e844a]
V  [jvm.dll+0x1eaad7]
V  [jvm.dll+0x1e0391]
V  [jvm.dll+0x53eaec]
V  [jvm.dll+0x1f0caa]
V  [jvm.dll+0x75394d]
V  [jvm.dll+0x754d46]
V  [jvm.dll+0x755078]
V  [jvm.dll+0x23e1db]
V  [jvm.dll+0x37dd3e]
C  0x000001cd87477877

Java frames: (J=compiled Java code, j=interpreted, Vv=VM code)
j  java.lang.module.ModuleDescriptor.<clinit>()V+16 java.base
v  ~StubRoutines::call_stub
j  jdk.internal.misc.Unsafe.ensureClassInitialized0(Ljava/lang/Class;)V+0 java.base
j  jdk.internal.misc.Unsafe.ensureClassInitialized(Ljava/lang/Class;)V+14 java.base
j  java.lang.invoke.MethodHandles$Lookup.ensureInitialized(Ljava/lang/Class;)Ljava/lang/Class;+102 java.base
j  jdk.internal.access.SharedSecrets.ensureClassInitialized(Ljava/lang/Class;)V+4 java.base
j  jdk.internal.access.SharedSecrets.getJavaLangModuleAccess()Ljdk/internal/access/JavaLangModuleAccess;+10 java.base
j  jdk.internal.module.ModuleBootstrap.<clinit>()V+22 java.base
v  ~StubRoutines::call_stub
j  java.lang.System.initPhase2(ZZ)I+0 java.base
v  ~StubRoutines::call_stub

---------------  P R O C E S S  ---------------

Threads class SMR info:
_java_thread_list=0x000001cda1271ea0, length=10, elements={
0x000001cdf209bf90, 0x000001cdff9708c0, 0x000001cdff9c6970, 0x000001cda1287ef0,
0x000001cda12886c0, 0x000001cda129dfc0, 0x000001cda129e980, 0x000001cda129f670,
0x000001cda12a8080, 0x000001cda12cbf90
}

Java Threads: ( => current thread )
=>0x000001cdf209bf90 JavaThread "main" [_thread_in_vm, id=35296, stack(0x0000002deee00000,0x0000002deef00000)]
  0x000001cdff9708c0 JavaThread "Reference Handler" daemon [_thread_blocked, id=18292, stack(0x0000002def500000,0x0000002def600000)]
  0x000001cdff9c6970 JavaThread "Finalizer" daemon [_thread_blocked, id=36252, stack(0x0000002def600000,0x0000002def700000)]
  0x000001cda1287ef0 JavaThread "Signal Dispatcher" daemon [_thread_blocked, id=35672, stack(0x0000002def700000,0x0000002def800000)]
  0x000001cda12886c0 JavaThread "Attach Listener" daemon [_thread_blocked, id=34512, stack(0x0000002def800000,0x0000002def900000)]
  0x000001cda129dfc0 JavaThread "Service Thread" daemon [_thread_blocked, id=36028, stack(0x0000002def900000,0x0000002defa00000)]
  0x000001cda129e980 JavaThread "Monitor Deflation Thread" daemon [_thread_blocked, id=20020, stack(0x0000002defa00000,0x0000002defb00000)]
  0x000001cda129f670 JavaThread "C2 CompilerThread0" daemon [_thread_blocked, id=35984, stack(0x0000002defb00000,0x0000002defc00000)]
  0x000001cda12a8080 JavaThread "C1 CompilerThread0" daemon [_thread_blocked, id=37376, stack(0x0000002defc00000,0x0000002defd00000)]
  0x000001cda12cbf90 JavaThread "Sweeper thread" daemon [_thread_blocked, id=33428, stack(0x0000002defd00000,0x0000002defe00000)]

Other Threads:
  0x000001cda1254c10 VMThread "VM Thread" [stack: 0x0000002def400000,0x0000002def500000] [id=36992]
  0x000001cdf420e2a0 GCTaskThread "GC Thread#0" [stack: 0x0000002deef00000,0x0000002def000000] [id=32856]
  0x000001cdf4221090 ConcurrentGCThread "G1 Main Marker" [stack: 0x0000002def000000,0x0000002def100000] [id=35616]
  0x000001cdf4221aa0 ConcurrentGCThread "G1 Conc#0" [stack: 0x0000002def100000,0x0000002def200000] [id=37696]
  0x000001cdff8a16b0 ConcurrentGCThread "G1 Refine#0" [stack: 0x0000002def200000,0x0000002def300000] [id=37200]
  0x000001cdff8a1ef0 ConcurrentGCThread "G1 Service" [stack: 0x0000002def300000,0x0000002def400000] [id=36172]

Threads with active compile tasks:

VM state: not at safepoint (normal execution)

VM Mutex/Monitor currently owned by a thread:  ([mutex/lock_event])
[0x000001cdf4160b70] Metaspace_lock - owner thread: 0x000001cdf209bf90

Heap address: 0x0000000603000000, size: 8144 MB, Compressed Oops mode: Zero based, Oop shift amount: 3

CDS archive(s) not mapped
Compressed class space mapped at: 0x0000000800000000-0x0000000840000000, reserved size: 1073741824
Narrow klass base: 0x0000000800000000, Narrow klass shift: 0, Narrow klass range: 0x40000000

GC Precious Log:
 CPUs: 16 total, 16 available
 Memory: 32573M
 Large Page Support: Disabled
 NUMA Support: Disabled
 Compressed Oops: Enabled (Zero based)
 Heap Region Size: 4M
 Heap Min Capacity: 8M
 Heap Initial Capacity: 512M
 Heap Max Capacity: 8144M
 Pre-touch: Disabled
 Parallel Workers: 13
 Concurrent Workers: 3
 Concurrent Refinement Workers: 13
 Periodic GC: Disabled

Heap:
 garbage-first heap   total 524288K, used 0K [0x0000000603000000, 0x0000000800000000)
  region size 4096K, 1 young (4096K), 0 survivors (0K)
 Metaspace       used 2837K, committed 2880K, reserved 1114112K
  class space    used 213K, committed 256K, reserved 1048576K

Heap Regions: E=young(eden), S=young(survivor), O=old, HS=humongous(starts), HC=humongous(continues), CS=collection set, F=free, OA=open archive, CA=closed archive, TAMS=top-at-mark-start (previous, next)
|   0|0x0000000603000000, 0x0000000603000000, 0x0000000603400000|  0%| F|  |TAMS 0x0000000603000000, 0x0000000603000000| Untracked 
|   1|0x0000000603400000, 0x0000000603400000, 0x0000000603800000|  0%| F|  |TAMS 0x0000000603400000, 0x0000000603400000| Untracked 
|   2|0x0000000603800000, 0x0000000603800000, 0x0000000603c00000|  0%| F|  |TAMS 0x0000000603800000, 0x0000000603800000| Untracked 
|   3|0x0000000603c00000, 0x0000000603c00000, 0x0000000604000000|  0%| F|  |TAMS 0x0000000603c00000, 0x0000000603c00000| Untracked 
|   4|0x0000000604000000, 0x0000000604000000, 0x0000000604400000|  0%| F|  |TAMS 0x0000000604000000, 0x0000000604000000| Untracked 
|   5|0x0000000604400000, 0x0000000604400000, 0x0000000604800000|  0%| F|  |TAMS 0x0000000604400000, 0x0000000604400000| Untracked 
|   6|0x0000000604800000, 0x0000000604800000, 0x0000000604c00000|  0%| F|  |TAMS 0x0000000604800000, 0x0000000604800000| Untracked 
|   7|0x0000000604c00000, 0x0000000604c00000, 0x0000000605000000|  0%| F|  |TAMS 0x0000000604c00000, 0x0000000604c00000| Untracked 
|   8|0x0000000605000000, 0x0000000605000000, 0x0000000605400000|  0%| F|  |TAMS 0x0000000605000000, 0x0000000605000000| Untracked 
|   9|0x0000000605400000, 0x0000000605400000, 0x0000000605800000|  0%| F|  |TAMS 0x0000000605400000, 0x0000000605400000| Untracked 
|  10|0x0000000605800000, 0x0000000605800000, 0x0000000605c00000|  0%| F|  |TAMS 0x0000000605800000, 0x0000000605800000| Untracked 
|  11|0x0000000605c00000, 0x0000000605c00000, 0x0000000606000000|  0%| F|  |TAMS 0x0000000605c00000, 0x0000000605c00000| Untracked 
|  12|0x0000000606000000, 0x0000000606000000, 0x0000000606400000|  0%| F|  |TAMS 0x0000000606000000, 0x0000000606000000| Untracked 
|  13|0x0000000606400000, 0x0000000606400000, 0x0000000606800000|  0%| F|  |TAMS 0x0000000606400000, 0x0000000606400000| Untracked 
|  14|0x0000000606800000, 0x0000000606800000, 0x0000000606c00000|  0%| F|  |TAMS 0x0000000606800000, 0x0000000606800000| Untracked 
|  15|0x0000000606c00000, 0x0000000606c00000, 0x0000000607000000|  0%| F|  |TAMS 0x0000000606c00000, 0x0000000606c00000| Untracked 
|  16|0x0000000607000000, 0x0000000607000000, 0x0000000607400000|  0%| F|  |TAMS 0x0000000607000000, 0x0000000607000000| Untracked 
|  17|0x0000000607400000, 0x0000000607400000, 0x0000000607800000|  0%| F|  |TAMS 0x0000000607400000, 0x0000000607400000| Untracked 
|  18|0x0000000607800000, 0x0000000607800000, 0x0000000607c00000|  0%| F|  |TAMS 0x0000000607800000, 0x0000000607800000| Untracked 
|  19|0x0000000607c00000, 0x0000000607c00000, 0x0000000608000000|  0%| F|  |TAMS 0x0000000607c00000, 0x0000000607c00000| Untracked 
|  20|0x0000000608000000, 0x0000000608000000, 0x0000000608400000|  0%| F|  |TAMS 0x0000000608000000, 0x0000000608000000| Untracked 
|  21|0x0000000608400000, 0x0000000608400000, 0x0000000608800000|  0%| F|  |TAMS 0x0000000608400000, 0x0000000608400000| Untracked 
|  22|0x0000000608800000, 0x0000000608800000, 0x0000000608c00000|  0%| F|  |TAMS 0x0000000608800000, 0x0000000608800000| Untracked 
|  23|0x0000000608c00000, 0x0000000608c00000, 0x0000000609000000|  0%| F|  |TAMS 0x0000000608c00000, 0x0000000608c00000| Untracked 
|  24|0x0000000609000000, 0x0000000609000000, 0x0000000609400000|  0%| F|  |TAMS 0x0000000609000000, 0x0000000609000000| Untracked 
|  25|0x0000000609400000, 0x0000000609400000, 0x0000000609800000|  0%| F|  |TAMS 0x0000000609400000, 0x0000000609400000| Untracked 
|  26|0x0000000609800000, 0x0000000609800000, 0x0000000609c00000|  0%| F|  |TAMS 0x0000000609800000, 0x0000000609800000| Untracked 
|  27|0x0000000609c00000, 0x0000000609c00000, 0x000000060a000000|  0%| F|  |TAMS 0x0000000609c00000, 0x0000000609c00000| Untracked 
|  28|0x000000060a000000, 0x000000060a000000, 0x000000060a400000|  0%| F|  |TAMS 0x000000060a000000, 0x000000060a000000| Untracked 
|  29|0x000000060a400000, 0x000000060a400000, 0x000000060a800000|  0%| F|  |TAMS 0x000000060a400000, 0x000000060a400000| Untracked 
|  30|0x000000060a800000, 0x000000060a800000, 0x000000060ac00000|  0%| F|  |TAMS 0x000000060a800000, 0x000000060a800000| Untracked 
|  31|0x000000060ac00000, 0x000000060ac00000, 0x000000060b000000|  0%| F|  |TAMS 0x000000060ac00000, 0x000000060ac00000| Untracked 
|  32|0x000000060b000000, 0x000000060b000000, 0x000000060b400000|  0%| F|  |TAMS 0x000000060b000000, 0x000000060b000000| Untracked 
|  33|0x000000060b400000, 0x000000060b400000, 0x000000060b800000|  0%| F|  |TAMS 0x000000060b400000, 0x000000060b400000| Untracked 
|  34|0x000000060b800000, 0x000000060b800000, 0x000000060bc00000|  0%| F|  |TAMS 0x000000060b800000, 0x000000060b800000| Untracked 
|  35|0x000000060bc00000, 0x000000060bc00000, 0x000000060c000000|  0%| F|  |TAMS 0x000000060bc00000, 0x000000060bc00000| Untracked 
|  36|0x000000060c000000, 0x000000060c000000, 0x000000060c400000|  0%| F|  |TAMS 0x000000060c000000, 0x000000060c000000| Untracked 
|  37|0x000000060c400000, 0x000000060c400000, 0x000000060c800000|  0%| F|  |TAMS 0x000000060c400000, 0x000000060c400000| Untracked 
|  38|0x000000060c800000, 0x000000060c800000, 0x000000060cc00000|  0%| F|  |TAMS 0x000000060c800000, 0x000000060c800000| Untracked 
|  39|0x000000060cc00000, 0x000000060cc00000, 0x000000060d000000|  0%| F|  |TAMS 0x000000060cc00000, 0x000000060cc00000| Untracked 
|  40|0x000000060d000000, 0x000000060d000000, 0x000000060d400000|  0%| F|  |TAMS 0x000000060d000000, 0x000000060d000000| Untracked 
|  41|0x000000060d400000, 0x000000060d400000, 0x000000060d800000|  0%| F|  |TAMS 0x000000060d400000, 0x000000060d400000| Untracked 
|  42|0x000000060d800000, 0x000000060d800000, 0x000000060dc00000|  0%| F|  |TAMS 0x000000060d800000, 0x000000060d800000| Untracked 
|  43|0x000000060dc00000, 0x000000060dc00000, 0x000000060e000000|  0%| F|  |TAMS 0x000000060dc00000, 0x000000060dc00000| Untracked 
|  44|0x000000060e000000, 0x000000060e000000, 0x000000060e400000|  0%| F|  |TAMS 0x000000060e000000, 0x000000060e000000| Untracked 
|  45|0x000000060e400000, 0x000000060e400000, 0x000000060e800000|  0%| F|  |TAMS 0x000000060e400000, 0x000000060e400000| Untracked 
|  46|0x000000060e800000, 0x000000060e800000, 0x000000060ec00000|  0%| F|  |TAMS 0x000000060e800000, 0x000000060e800000| Untracked 
|  47|0x000000060ec00000, 0x000000060ec00000, 0x000000060f000000|  0%| F|  |TAMS 0x000000060ec00000, 0x000000060ec00000| Untracked 
|  48|0x000000060f000000, 0x000000060f000000, 0x000000060f400000|  0%| F|  |TAMS 0x000000060f000000, 0x000000060f000000| Untracked 
|  49|0x000000060f400000, 0x000000060f400000, 0x000000060f800000|  0%| F|  |TAMS 0x000000060f400000, 0x000000060f400000| Untracked 
|  50|0x000000060f800000, 0x000000060f800000, 0x000000060fc00000|  0%| F|  |TAMS 0x000000060f800000, 0x000000060f800000| Untracked 
|  51|0x000000060fc00000, 0x000000060fc00000, 0x0000000610000000|  0%| F|  |TAMS 0x000000060fc00000, 0x000000060fc00000| Untracked 
|  52|0x0000000610000000, 0x0000000610000000, 0x0000000610400000|  0%| F|  |TAMS 0x0000000610000000, 0x0000000610000000| Untracked 
|  53|0x0000000610400000, 0x0000000610400000, 0x0000000610800000|  0%| F|  |TAMS 0x0000000610400000, 0x0000000610400000| Untracked 
|  54|0x0000000610800000, 0x0000000610800000, 0x0000000610c00000|  0%| F|  |TAMS 0x0000000610800000, 0x0000000610800000| Untracked 
|  55|0x0000000610c00000, 0x0000000610c00000, 0x0000000611000000|  0%| F|  |TAMS 0x0000000610c00000, 0x0000000610c00000| Untracked 
|  56|0x0000000611000000, 0x0000000611000000, 0x0000000611400000|  0%| F|  |TAMS 0x0000000611000000, 0x0000000611000000| Untracked 
|  57|0x0000000611400000, 0x0000000611400000, 0x0000000611800000|  0%| F|  |TAMS 0x0000000611400000, 0x0000000611400000| Untracked 
|  58|0x0000000611800000, 0x0000000611800000, 0x0000000611c00000|  0%| F|  |TAMS 0x0000000611800000, 0x0000000611800000| Untracked 
|  59|0x0000000611c00000, 0x0000000611c00000, 0x0000000612000000|  0%| F|  |TAMS 0x0000000611c00000, 0x0000000611c00000| Untracked 
|  60|0x0000000612000000, 0x0000000612000000, 0x0000000612400000|  0%| F|  |TAMS 0x0000000612000000, 0x0000000612000000| Untracked 
|  61|0x0000000612400000, 0x0000000612400000, 0x0000000612800000|  0%| F|  |TAMS 0x0000000612400000, 0x0000000612400000| Untracked 
|  62|0x0000000612800000, 0x0000000612800000, 0x0000000612c00000|  0%| F|  |TAMS 0x0000000612800000, 0x0000000612800000| Untracked 
|  63|0x0000000612c00000, 0x0000000612c00000, 0x0000000613000000|  0%| F|  |TAMS 0x0000000612c00000, 0x0000000612c00000| Untracked 
|  64|0x0000000613000000, 0x0000000613000000, 0x0000000613400000|  0%| F|  |TAMS 0x0000000613000000, 0x0000000613000000| Untracked 
|  65|0x0000000613400000, 0x0000000613400000, 0x0000000613800000|  0%| F|  |TAMS 0x0000000613400000, 0x0000000613400000| Untracked 
|  66|0x0000000613800000, 0x0000000613800000, 0x0000000613c00000|  0%| F|  |TAMS 0x0000000613800000, 0x0000000613800000| Untracked 
|  67|0x0000000613c00000, 0x0000000613c00000, 0x0000000614000000|  0%| F|  |TAMS 0x0000000613c00000, 0x0000000613c00000| Untracked 
|  68|0x0000000614000000, 0x0000000614000000, 0x0000000614400000|  0%| F|  |TAMS 0x0000000614000000, 0x0000000614000000| Untracked 
|  69|0x0000000614400000, 0x0000000614400000, 0x0000000614800000|  0%| F|  |TAMS 0x0000000614400000, 0x0000000614400000| Untracked 
|  70|0x0000000614800000, 0x0000000614800000, 0x0000000614c00000|  0%| F|  |TAMS 0x0000000614800000, 0x0000000614800000| Untracked 
|  71|0x0000000614c00000, 0x0000000614c00000, 0x0000000615000000|  0%| F|  |TAMS 0x0000000614c00000, 0x0000000614c00000| Untracked 
|  72|0x0000000615000000, 0x0000000615000000, 0x0000000615400000|  0%| F|  |TAMS 0x0000000615000000, 0x0000000615000000| Untracked 
|  73|0x0000000615400000, 0x0000000615400000, 0x0000000615800000|  0%| F|  |TAMS 0x0000000615400000, 0x0000000615400000| Untracked 
|  74|0x0000000615800000, 0x0000000615800000, 0x0000000615c00000|  0%| F|  |TAMS 0x0000000615800000, 0x0000000615800000| Untracked 
|  75|0x0000000615c00000, 0x0000000615c00000, 0x0000000616000000|  0%| F|  |TAMS 0x0000000615c00000, 0x0000000615c00000| Untracked 
|  76|0x0000000616000000, 0x0000000616000000, 0x0000000616400000|  0%| F|  |TAMS 0x0000000616000000, 0x0000000616000000| Untracked 
|  77|0x0000000616400000, 0x0000000616400000, 0x0000000616800000|  0%| F|  |TAMS 0x0000000616400000, 0x0000000616400000| Untracked 
|  78|0x0000000616800000, 0x0000000616800000, 0x0000000616c00000|  0%| F|  |TAMS 0x0000000616800000, 0x0000000616800000| Untracked 
|  79|0x0000000616c00000, 0x0000000616c00000, 0x0000000617000000|  0%| F|  |TAMS 0x0000000616c00000, 0x0000000616c00000| Untracked 
|  80|0x0000000617000000, 0x0000000617000000, 0x0000000617400000|  0%| F|  |TAMS 0x0000000617000000, 0x0000000617000000| Untracked 
|  81|0x0000000617400000, 0x0000000617400000, 0x0000000617800000|  0%| F|  |TAMS 0x0000000617400000, 0x0000000617400000| Untracked 
|  82|0x0000000617800000, 0x0000000617800000, 0x0000000617c00000|  0%| F|  |TAMS 0x0000000617800000, 0x0000000617800000| Untracked 
|  83|0x0000000617c00000, 0x0000000617c00000, 0x0000000618000000|  0%| F|  |TAMS 0x0000000617c00000, 0x0000000617c00000| Untracked 
|  84|0x0000000618000000, 0x0000000618000000, 0x0000000618400000|  0%| F|  |TAMS 0x0000000618000000, 0x0000000618000000| Untracked 
|  85|0x0000000618400000, 0x0000000618400000, 0x0000000618800000|  0%| F|  |TAMS 0x0000000618400000, 0x0000000618400000| Untracked 
|  86|0x0000000618800000, 0x0000000618800000, 0x0000000618c00000|  0%| F|  |TAMS 0x0000000618800000, 0x0000000618800000| Untracked 
|  87|0x0000000618c00000, 0x0000000618c00000, 0x0000000619000000|  0%| F|  |TAMS 0x0000000618c00000, 0x0000000618c00000| Untracked 
|  88|0x0000000619000000, 0x0000000619000000, 0x0000000619400000|  0%| F|  |TAMS 0x0000000619000000, 0x0000000619000000| Untracked 
|  89|0x0000000619400000, 0x0000000619400000, 0x0000000619800000|  0%| F|  |TAMS 0x0000000619400000, 0x0000000619400000| Untracked 
|  90|0x0000000619800000, 0x0000000619800000, 0x0000000619c00000|  0%| F|  |TAMS 0x0000000619800000, 0x0000000619800000| Untracked 
|  91|0x0000000619c00000, 0x0000000619c00000, 0x000000061a000000|  0%| F|  |TAMS 0x0000000619c00000, 0x0000000619c00000| Untracked 
|  92|0x000000061a000000, 0x000000061a000000, 0x000000061a400000|  0%| F|  |TAMS 0x000000061a000000, 0x000000061a000000| Untracked 
|  93|0x000000061a400000, 0x000000061a400000, 0x000000061a800000|  0%| F|  |TAMS 0x000000061a400000, 0x000000061a400000| Untracked 
|  94|0x000000061a800000, 0x000000061a800000, 0x000000061ac00000|  0%| F|  |TAMS 0x000000061a800000, 0x000000061a800000| Untracked 
|  95|0x000000061ac00000, 0x000000061ac00000, 0x000000061b000000|  0%| F|  |TAMS 0x000000061ac00000, 0x000000061ac00000| Untracked 
|  96|0x000000061b000000, 0x000000061b000000, 0x000000061b400000|  0%| F|  |TAMS 0x000000061b000000, 0x000000061b000000| Untracked 
|  97|0x000000061b400000, 0x000000061b400000, 0x000000061b800000|  0%| F|  |TAMS 0x000000061b400000, 0x000000061b400000| Untracked 
|  98|0x000000061b800000, 0x000000061b800000, 0x000000061bc00000|  0%| F|  |TAMS 0x000000061b800000, 0x000000061b800000| Untracked 
|  99|0x000000061bc00000, 0x000000061bc00000, 0x000000061c000000|  0%| F|  |TAMS 0x000000061bc00000, 0x000000061bc00000| Untracked 
| 100|0x000000061c000000, 0x000000061c000000, 0x000000061c400000|  0%| F|  |TAMS 0x000000061c000000, 0x000000061c000000| Untracked 
| 101|0x000000061c400000, 0x000000061c400000, 0x000000061c800000|  0%| F|  |TAMS 0x000000061c400000, 0x000000061c400000| Untracked 
| 102|0x000000061c800000, 0x000000061c800000, 0x000000061cc00000|  0%| F|  |TAMS 0x000000061c800000, 0x000000061c800000| Untracked 
| 103|0x000000061cc00000, 0x000000061cc00000, 0x000000061d000000|  0%| F|  |TAMS 0x000000061cc00000, 0x000000061cc00000| Untracked 
| 104|0x000000061d000000, 0x000000061d000000, 0x000000061d400000|  0%| F|  |TAMS 0x000000061d000000, 0x000000061d000000| Untracked 
| 105|0x000000061d400000, 0x000000061d400000, 0x000000061d800000|  0%| F|  |TAMS 0x000000061d400000, 0x000000061d400000| Untracked 
| 106|0x000000061d800000, 0x000000061d800000, 0x000000061dc00000|  0%| F|  |TAMS 0x000000061d800000, 0x000000061d800000| Untracked 
| 107|0x000000061dc00000, 0x000000061dc00000, 0x000000061e000000|  0%| F|  |TAMS 0x000000061dc00000, 0x000000061dc00000| Untracked 
| 108|0x000000061e000000, 0x000000061e000000, 0x000000061e400000|  0%| F|  |TAMS 0x000000061e000000, 0x000000061e000000| Untracked 
| 109|0x000000061e400000, 0x000000061e400000, 0x000000061e800000|  0%| F|  |TAMS 0x000000061e400000, 0x000000061e400000| Untracked 
| 110|0x000000061e800000, 0x000000061e800000, 0x000000061ec00000|  0%| F|  |TAMS 0x000000061e800000, 0x000000061e800000| Untracked 
| 111|0x000000061ec00000, 0x000000061ec00000, 0x000000061f000000|  0%| F|  |TAMS 0x000000061ec00000, 0x000000061ec00000| Untracked 
| 112|0x000000061f000000, 0x000000061f000000, 0x000000061f400000|  0%| F|  |TAMS 0x000000061f000000, 0x000000061f000000| Untracked 
| 113|0x000000061f400000, 0x000000061f400000, 0x000000061f800000|  0%| F|  |TAMS 0x000000061f400000, 0x000000061f400000| Untracked 
| 114|0x000000061f800000, 0x000000061f800000, 0x000000061fc00000|  0%| F|  |TAMS 0x000000061f800000, 0x000000061f800000| Untracked 
| 115|0x000000061fc00000, 0x000000061fc00000, 0x0000000620000000|  0%| F|  |TAMS 0x000000061fc00000, 0x000000061fc00000| Untracked 
| 116|0x0000000620000000, 0x0000000620000000, 0x0000000620400000|  0%| F|  |TAMS 0x0000000620000000, 0x0000000620000000| Untracked 
| 117|0x0000000620400000, 0x0000000620400000, 0x0000000620800000|  0%| F|  |TAMS 0x0000000620400000, 0x0000000620400000| Untracked 
| 118|0x0000000620800000, 0x0000000620800000, 0x0000000620c00000|  0%| F|  |TAMS 0x0000000620800000, 0x0000000620800000| Untracked 
| 119|0x0000000620c00000, 0x0000000620c00000, 0x0000000621000000|  0%| F|  |TAMS 0x0000000620c00000, 0x0000000620c00000| Untracked 
| 120|0x0000000621000000, 0x0000000621000000, 0x0000000621400000|  0%| F|  |TAMS 0x0000000621000000, 0x0000000621000000| Untracked 
| 121|0x0000000621400000, 0x0000000621400000, 0x0000000621800000|  0%| F|  |TAMS 0x0000000621400000, 0x0000000621400000| Untracked 
| 122|0x0000000621800000, 0x0000000621800000, 0x0000000621c00000|  0%| F|  |TAMS 0x0000000621800000, 0x0000000621800000| Untracked 
| 123|0x0000000621c00000, 0x0000000621c00000, 0x0000000622000000|  0%| F|  |TAMS 0x0000000621c00000, 0x0000000621c00000| Untracked 
| 124|0x0000000622000000, 0x0000000622000000, 0x0000000622400000|  0%| F|  |TAMS 0x0000000622000000, 0x0000000622000000| Untracked 
| 125|0x0000000622400000, 0x0000000622400000, 0x0000000622800000|  0%| F|  |TAMS 0x0000000622400000, 0x0000000622400000| Untracked 
| 126|0x0000000622800000, 0x0000000622800000, 0x0000000622c00000|  0%| F|  |TAMS 0x0000000622800000, 0x0000000622800000| Untracked 
| 127|0x0000000622c00000, 0x0000000622cf5d58, 0x0000000623000000| 24%| E|  |TAMS 0x0000000622c00000, 0x0000000622c00000| Complete 

Card table byte_map: [0x000001cdfd290000,0x000001cdfe280000] _byte_map_base: 0x000001cdfa278000

Marking Bits (Prev, Next): (CMBitMap*) 0x000001cdf420f8d0, (CMBitMap*) 0x000001cdf420f910
 Prev Bits: [0x000001cd8f000000, 0x000001cd96f40000)
 Next Bits: [0x000001cd96f40000, 0x000001cd9ee80000)

Polling page: 0x000001cdf1f80000

Metaspace:

Usage:
  Non-class:      2.56 MB used.
      Class:    213.12 KB used.
       Both:      2.77 MB used.

Virtual space:
  Non-class space:       64.00 MB reserved,       2.56 MB (  4%) committed,  1 nodes.
      Class space:        1.00 GB reserved,     256.00 KB ( <1%) committed,  1 nodes.
             Both:        1.06 GB reserved,       2.81 MB ( <1%) committed. 

Chunk freelists:
   Non-Class:  12.00 MB
       Class:  15.75 MB
        Both:  27.75 MB

MaxMetaspaceSize: unlimited
CompressedClassSpaceSize: 1.00 GB
Initial GC threshold: 21.00 MB
Current GC threshold: 21.00 MB
CDS: off
MetaspaceReclaimPolicy: balanced
 - commit_granule_bytes: 65536.
 - commit_granule_words: 8192.
 - virtual_space_node_default_size: 8388608.
 - enlarge_chunks_in_place: 1.
 - new_chunks_are_fully_committed: 0.
 - uncommit_free_chunks: 1.
 - use_allocation_guard: 0.
 - handle_deallocations: 1.


Internal statistics:

num_allocs_failed_limit: 0.
num_arena_births: 2.
num_arena_deaths: 0.
num_vsnodes_births: 2.
num_vsnodes_deaths: 0.
num_space_committed: 45.
num_space_uncommitted: 0.
num_chunks_returned_to_freelist: 0.
num_chunks_taken_from_freelist: 3.
num_chunk_merges: 0.
num_chunk_splits: 2.
num_chunks_enlarged: 0.
num_inconsistent_stats: 0.

CodeHeap 'non-profiled nmethods': size=119168Kb used=0Kb max_used=0Kb free=119168Kb
 bounds [0x000001cd87ba0000, 0x000001cd87e10000, 0x000001cd8f000000]
CodeHeap 'profiled nmethods': size=119104Kb used=0Kb max_used=0Kb free=119103Kb
 bounds [0x000001cd80000000, 0x000001cd80270000, 0x000001cd87450000]
CodeHeap 'non-nmethods': size=7488Kb used=1100Kb max_used=1114Kb free=6387Kb
 bounds [0x000001cd87450000, 0x000001cd876c0000, 0x000001cd87ba0000]
 total_blobs=274 nmethods=1 adapters=187
 compilation: enabled
              stopped_count=0, restarted_count=0
 full_count=0

Compilation events (2 events):
Event: 0.062 Thread 0x000001cda12a8080    1       3       java.lang.String::isLatin1 (19 bytes)
Event: 0.063 Thread 0x000001cda12a8080 nmethod 1 0x000001cd80000010 code [0x000001cd800001a0, 0x000001cd80000318]

GC Heap History (0 events):
No events

Deoptimization events (0 events):
No events

Classes unloaded (0 events):
No events

Classes redefined (0 events):
No events

Internal exceptions (0 events):
No events

VM Operations (0 events):
No events

Events (20 events):
Event: 0.061 loading class java/util/Collections$EmptyMap done
Event: 0.061 loading class java/lang/IllegalArgumentException
Event: 0.061 loading class java/lang/IllegalArgumentException done
Event: 0.061 Thread 0x000001cda1287ef0 Thread added: 0x000001cda1287ef0
Event: 0.061 Thread 0x000001cda12886c0 Thread added: 0x000001cda12886c0
Event: 0.061 Thread 0x000001cda129dfc0 Thread added: 0x000001cda129dfc0
Event: 0.061 Thread 0x000001cda129e980 Thread added: 0x000001cda129e980
Event: 0.061 Thread 0x000001cda129f670 Thread added: 0x000001cda129f670
Event: 0.061 Thread 0x000001cda12a8080 Thread added: 0x000001cda12a8080
Event: 0.061 Thread 0x000001cda12cbf90 Thread added: 0x000001cda12cbf90
Event: 0.062 loading class java/lang/invoke/MethodHandleStatics
Event: 0.062 loading class java/lang/invoke/MethodHandleStatics done
Event: 0.062 loading class jdk/internal/module/ModuleBootstrap
Event: 0.063 loading class jdk/internal/module/ModuleBootstrap done
Event: 0.063 loading class java/lang/module/ModuleDescriptor
Event: 0.063 loading class java/lang/module/ModuleDescriptor done
Event: 0.063 loading class sun/invoke/util/VerifyAccess
Event: 0.063 loading class sun/invoke/util/VerifyAccess done
Event: 0.064 loading class java/lang/module/ModuleDescriptor$1
Event: 0.064 loading class jdk/internal/access/JavaLangModuleAccess


Dynamic libraries:
0x00007ff7bdd70000 - 0x00007ff7bdd80000 	C:\Program Files\Java\jdk-17\bin\java.exe
0x00007ffef96d0000 - 0x00007ffef98c7000 	C:\Windows\SYSTEM32\ntdll.dll
0x00007ffef90f0000 - 0x00007ffef91ad000 	C:\Windows\System32\KERNEL32.DLL
0x00007ffef6e40000 - 0x00007ffef7136000 	C:\Windows\System32\KERNELBASE.dll
0x00007ffef7430000 - 0x00007ffef7530000 	C:\Windows\System32\ucrtbase.dll
0x00007ffeee970000 - 0x00007ffeee989000 	C:\Program Files\Java\jdk-17\bin\jli.dll
0x00007ffeee5b0000 - 0x00007ffeee5cb000 	C:\Program Files\Java\jdk-17\bin\VCRUNTIME140.dll
0x00007ffef91b0000 - 0x00007ffef925e000 	C:\Windows\System32\ADVAPI32.dll
0x00007ffef92e0000 - 0x00007ffef937e000 	C:\Windows\System32\msvcrt.dll
0x00007ffef9390000 - 0x00007ffef942c000 	C:\Windows\System32\sechost.dll
0x00007ffef8fc0000 - 0x00007ffef90e6000 	C:\Windows\System32\RPCRT4.dll
0x00007ffef8e20000 - 0x00007ffef8fbe000 	C:\Windows\System32\USER32.dll
0x00007ffef7140000 - 0x00007ffef7162000 	C:\Windows\System32\win32u.dll
0x00007ffee9b90000 - 0x00007ffee9e2a000 	C:\Windows\WinSxS\amd64_microsoft.windows.common-controls_6595b64144ccf1df_6.0.19041.3570_none_60bb2a3971f3e41a\COMCTL32.dll
0x00007ffef77c0000 - 0x00007ffef77ec000 	C:\Windows\System32\GDI32.dll
0x00007ffef7310000 - 0x00007ffef742a000 	C:\Windows\System32\gdi32full.dll
0x00007ffef7690000 - 0x00007ffef772d000 	C:\Windows\System32\msvcp_win.dll
0x00007ffeefc00000 - 0x00007ffeefc0a000 	C:\Windows\SYSTEM32\VERSION.dll
0x00007ffef9490000 - 0x00007ffef94c0000 	C:\Windows\System32\IMM32.DLL
0x00007ffeee7c0000 - 0x00007ffeee7cc000 	C:\Program Files\Java\jdk-17\bin\vcruntime140_1.dll
0x00007ffec1e40000 - 0x00007ffec1ece000 	C:\Program Files\Java\jdk-17\bin\msvcp140.dll
0x00007ffe74710000 - 0x00007ffe752f1000 	C:\Program Files\Java\jdk-17\bin\server\jvm.dll
0x00007ffef9380000 - 0x00007ffef9388000 	C:\Windows\System32\PSAPI.DLL
0x00007ffef14a0000 - 0x00007ffef14a9000 	C:\Windows\SYSTEM32\WSOCK32.dll
0x00007ffee9350000 - 0x00007ffee9377000 	C:\Windows\SYSTEM32\WINMM.dll
0x00007ffef8db0000 - 0x00007ffef8e1b000 	C:\Windows\System32\WS2_32.dll
0x00007ffef55f0000 - 0x00007ffef5602000 	C:\Windows\SYSTEM32\kernel.appcore.dll
0x00007ffeee7a0000 - 0x00007ffeee7aa000 	C:\Program Files\Java\jdk-17\bin\jimage.dll
0x00007ffef4aa0000 - 0x00007ffef4c84000 	C:\Windows\SYSTEM32\DBGHELP.DLL
0x00007ffeeef00000 - 0x00007ffeeef34000 	C:\Windows\SYSTEM32\dbgcore.DLL
0x00007ffef6db0000 - 0x00007ffef6e32000 	C:\Windows\System32\bcryptPrimitives.dll
0x00007ffed36b0000 - 0x00007ffed36eb000 	C:\Program Files\Java\jdk-17\bin\jdwp.dll
0x00007ffee6710000 - 0x00007ffee6735000 	C:\Program Files\Java\jdk-17\bin\java.dll
0x00007ffec1430000 - 0x00007ffec1507000 	C:\Program Files\Java\jdk-17\bin\jsvml.dll
0x00007ffef77f0000 - 0x00007ffef7f34000 	C:\Windows\System32\SHELL32.dll
0x00007ffef4e50000 - 0x00007ffef55eb000 	C:\Windows\SYSTEM32\windows.storage.dll
0x00007ffef7ff0000 - 0x00007ffef8344000 	C:\Windows\System32\combase.dll
0x00007ffef67f0000 - 0x00007ffef681d000 	C:\Windows\SYSTEM32\Wldp.dll
0x00007ffef7f40000 - 0x00007ffef7fed000 	C:\Windows\System32\SHCORE.dll
0x00007ffef8470000 - 0x00007ffef84c5000 	C:\Windows\System32\shlwapi.dll
0x00007ffef6ce0000 - 0x00007ffef6d05000 	C:\Windows\SYSTEM32\profapi.dll

dbghelp: loaded successfully - version: 4.0.5 - missing functions: none
symbol engine: initialized successfully - sym options: 0x614 - pdb path: .;C:\Program Files\Java\jdk-17\bin;C:\Windows\SYSTEM32;C:\Windows\WinSxS\amd64_microsoft.windows.common-controls_6595b64144ccf1df_6.0.19041.3570_none_60bb2a3971f3e41a;C:\Program Files\Java\jdk-17\bin\server

VM Arguments:
jvm_args: --add-modules=javafx.controls,javafx.media --module-path=C:\Users\admin\.gradle\caches\modules-2\files-2.1\org.openjfx\javafx-controls\17.0.2\707f290bacde2738c0a7e1d0b4a8193002c29cf7\javafx-controls-17.0.2-win.jar;C:\Users\admin\.gradle\caches\modules-2\files-2.1\org.openjfx\javafx-media\17.0.2\5c6c84557bcd0016b5784d2b0cd8ae769e63d4ed\javafx-media-17.0.2-win.jar;C:\Users\admin\.gradle\caches\modules-2\files-2.1\org.openjfx\javafx-graphics\17.0.2\6f95886c8fed3e1b21370a199c3937846ef6b3cc\javafx-graphics-17.0.2-win.jar;C:\Users\admin\.gradle\caches\modules-2\files-2.1\org.openjfx\javafx-base\17.0.2\1bd6dc88b180a6239a5067320c2f0d7f3526e1d2\javafx-base-17.0.2-win.jar -agentlib:jdwp=transport=dt_socket,server=n,suspend=y,address=127.0.0.1:54374 -Dfile.encoding=GBK -Duser.country=CN -Duser.language=zh -Duser.variant 
java_command: invaders.App
java_class_path (initial): D:\Damianxiao\space invaders soft2201\ass3\build\classes\java\main;D:\Damianxiao\space invaders soft2201\ass3\build\resources\main;C:\Users\admin\.gradle\caches\modules-2\files-2.1\com.googlecode.json-simple\json-simple\1.1.1\c9ad4a0850ab676c5c64461a05ca524cdfff59f1\json-simple-1.1.1.jar;C:\Users\admin\.gradle\caches\modules-2\files-2.1\junit\junit\4.10\e4f1766ce7404a08f45d859fb9c226fc9e41a861\junit-4.10.jar;C:\Users\admin\.gradle\caches\modules-2\files-2.1\org.hamcrest\hamcrest-core\1.1\860340562250678d1a344907ac75754e259cdb14\hamcrest-core-1.1.jar
Launcher Type: SUN_STANDARD

[Global flags]
     intx CICompilerCount                          = 12                                        {product} {ergonomic}
     uint ConcGCThreads                            = 3                                         {product} {ergonomic}
     uint G1ConcRefinementThreads                  = 13                                        {product} {ergonomic}
   size_t G1HeapRegionSize                         = 4194304                                   {product} {ergonomic}
    uintx GCDrainStackTargetSize                   = 64                                        {product} {ergonomic}
   size_t InitialHeapSize                          = 536870912                                 {product} {ergonomic}
   size_t MarkStackSize                            = 4194304                                   {product} {ergonomic}
   size_t MaxHeapSize                              = 8539602944                                {product} {ergonomic}
   size_t MaxNewSize                               = 5121245184                                {product} {ergonomic}
   size_t MinHeapDeltaBytes                        = 4194304                                   {product} {ergonomic}
   size_t MinHeapSize                              = 8388608                                   {product} {ergonomic}
    uintx NonNMethodCodeHeapSize                   = 7602480                                {pd product} {ergonomic}
    uintx NonProfiledCodeHeapSize                  = 122027880                              {pd product} {ergonomic}
    uintx ProfiledCodeHeapSize                     = 122027880                              {pd product} {ergonomic}
    uintx ReservedCodeCacheSize                    = 251658240                              {pd product} {ergonomic}
     bool SegmentedCodeCache                       = true                                      {product} {ergonomic}
   size_t SoftMaxHeapSize                          = 8539602944                             {manageable} {ergonomic}
     bool UseCompressedClassPointers               = true                           {product lp64_product} {ergonomic}
     bool UseCompressedOops                        = true                           {product lp64_product} {ergonomic}
     bool UseG1GC                                  = true                                      {product} {ergonomic}
     bool UseLargePagesIndividualAllocation        = false                                  {pd product} {ergonomic}

Logging:
Log output configuration:
 #0: stdout all=warning uptime,level,tags
 #1: stderr all=off uptime,level,tags

Environment Variables:
PATH=C:\ProgramData\Oracle\Java\javapath;C:\Program Files\Common Files\Oracle\Java\javapath;D:\hu\FL\bin\;D:\Program Files\Microsoft MPI\Bin\;C:\Python27\;C:\Python27\Scripts;C:\Windows\system32;C:\Windows;C:\Windows\System32\Wbem;C:\Windows\System32\WindowsPowerShell\v1.0\;C:\Windows\System32\OpenSSH\;C:\Program Files\MATLAB\R2021b\runtime\win64;C:\Program Files\MATLAB\R2021b\bin;C:\Python36;C:\Python36\Scripts;C:\Program Files\NVIDIA Corporation\Nsight Compute 2020.2.1\;C:\Program Files (x86)\NVIDIA Corporation\PhysX\Common;D:\conda3\Scripts;C:\Program Files\dotnet\;C:\Program Files\apache-maven-3.9.4\bin;D:\Damianxiao\redis\;C:\Program Files\Git\cmd;C:\Program Files\MySQL\MySQL Shell 8.0\bin\;C:\Users\admin\AppData\Local\Microsoft\WindowsApps;C:\Program Files\JetBrains\PyCharm Community Edition 2019.1.2\bin;;D:\Microsoft VS Code\bin;D:\MIkTex\miktex\bin\x64\
USERNAME=damex
OS=Windows_NT
PROCESSOR_IDENTIFIER=Intel64 Family 6 Model 167 Stepping 1, GenuineIntel



---------------  S Y S T E M  ---------------

OS:
 Windows 10 , 64 bit Build 19041 (10.0.19041.3570)
OS uptime: 8 days 21:46 hours

CPU: total 16 (initial active 16) (8 cores per cpu, 2 threads per core) family 6 model 167 stepping 1 microcode 0x2c, cx8, cmov, fxsr, ht, mmx, 3dnowpref, sse, sse2, sse3, ssse3, sse4.1, sse4.2, popcnt, lzcnt, tsc, tscinvbit, avx, avx2, aes, erms, clmul, bmi1, bmi2, adx, avx512f, avx512dq, avx512cd, avx512bw, avx512vl, sha, fma, vzeroupper, avx512_vpopcntdq, avx512_vpclmulqdq, avx512_vaes, avx512_vnni, clflush, clflushopt, avx512_vbmi2, avx512_vbmi

Memory: 4k page, system-wide physical 32573M (3598M free)
TotalPageFile size 47485M (AvailPageFile size 1M)
current process WorkingSet (physical memory assigned to process): 25M, peak: 25M
current process commit charge ("private bytes"): 610M, peak: 615M

vm_info: Java HotSpot(TM) 64-Bit Server VM (17.0.9+11-LTS-201) for windows-amd64 JRE (17.0.9+11-LTS-201), built on Oct 10 2023 23:16:06 by "mach5one" with MS VC++ 17.1 (VS2022)

END.
