#
# There is insufficient memory for the Java Runtime Environment to continue.
# Native memory allocation (mmap) failed to map 536870912 bytes for G1 virtual space
# Possible reasons:
#   The system is out of physical RAM or swap space
#   The process is running with CompressedOops enabled, and the Java Heap may be blocking the growth of the native heap
# Possible solutions:
#   Reduce memory load on the system
#   Increase physical memory or swap space
#   Check if swap backing store is full
#   Decrease Java heap size (-Xmx/-Xms)
#   Decrease number of Java threads
#   Decrease Java thread stack sizes (-Xss)
#   Set larger code cache with -XX:ReservedCodeCacheSize=
#   JVM is running with Zero Based Compressed Oops mode in which the Java heap is
#     placed in the first 32GB address space. The Java Heap base address is the
#     maximum limit for the native heap growth. Please use -XX:HeapBaseMinAddress
#     to set the Java Heap base and to place the Java Heap above 32GB virtual address.
# This output file may be truncated or incomplete.
#
#  Out of Memory Error (os_windows.cpp:3552), pid=25868, tid=36172
#
# JRE version:  (17.0.9+11) (build )
# Java VM: Java HotSpot(TM) 64-Bit Server VM (17.0.9+11-LTS-201, mixed mode, sharing, tiered, compressed oops, compressed class ptrs, g1 gc, windows-amd64)
# No core dump will be written. Minidumps are not enabled by default on client versions of Windows
#

---------------  S U M M A R Y ------------

Command Line: --add-modules=javafx.controls,javafx.media --module-path=C:\Users\admin\.gradle\caches\modules-2\files-2.1\org.openjfx\javafx-controls\17.0.2\707f290bacde2738c0a7e1d0b4a8193002c29cf7\javafx-controls-17.0.2-win.jar;C:\Users\admin\.gradle\caches\modules-2\files-2.1\org.openjfx\javafx-media\17.0.2\5c6c84557bcd0016b5784d2b0cd8ae769e63d4ed\javafx-media-17.0.2-win.jar;C:\Users\admin\.gradle\caches\modules-2\files-2.1\org.openjfx\javafx-graphics\17.0.2\6f95886c8fed3e1b21370a199c3937846ef6b3cc\javafx-graphics-17.0.2-win.jar;C:\Users\admin\.gradle\caches\modules-2\files-2.1\org.openjfx\javafx-base\17.0.2\1bd6dc88b180a6239a5067320c2f0d7f3526e1d2\javafx-base-17.0.2-win.jar -Dfile.encoding=GBK -Duser.country=CN -Duser.language=zh -Duser.variant invaders.App

Host: 11th Gen Intel(R) Core(TM) i7-11700K @ 3.60GHz, 16 cores, 31G,  Windows 10 , 64 bit Build 19041 (10.0.19041.3570)
Time: Sat Oct 21 20:47:59 2023  Windows 10 , 64 bit Build 19041 (10.0.19041.3570) elapsed time: 0.009507 seconds (0d 0h 0m 0s)

---------------  T H R E A D  ---------------

Current thread (0x0000025d83cc10b0):  JavaThread "Unknown thread" [_thread_in_vm, id=36172, stack(0x000000a233e00000,0x000000a233f00000)]

Stack: [0x000000a233e00000,0x000000a233f00000]
Native frames: (J=compiled Java code, j=interpreted, Vv=VM code, C=native code)
V  [jvm.dll+0x678a4a]
V  [jvm.dll+0x7d9cfd]
V  [jvm.dll+0x7db60e]
V  [jvm.dll+0x7dbc73]
V  [jvm.dll+0x245e1f]
V  [jvm.dll+0x6758f9]
V  [jvm.dll+0x66a2a2]
V  [jvm.dll+0x303686]
V  [jvm.dll+0x30ac06]
V  [jvm.dll+0x35a48e]
V  [jvm.dll+0x35a6bf]
V  [jvm.dll+0x2da678]
V  [jvm.dll+0x2db5e4]
V  [jvm.dll+0x7ab6b1]
V  [jvm.dll+0x368041]
V  [jvm.dll+0x78a749]
V  [jvm.dll+0x3ebd4f]
V  [jvm.dll+0x3ed7d1]
C  [jli.dll+0x5297]
C  [ucrtbase.dll+0x21bb2]
C  [KERNEL32.DLL+0x17344]
C  [ntdll.dll+0x526b1]


---------------  P R O C E S S  ---------------

Threads class SMR info:
_java_thread_list=0x00007ffe751c89d8, length=0, elements={
}

Java Threads: ( => current thread )

Other Threads:
  0x0000025d83d6c500 GCTaskThread "GC Thread#0" [stack: 0x000000a233f00000,0x000000a234000000] [id=20272]
  0x0000025d83d7f2f0 ConcurrentGCThread "G1 Main Marker" [stack: 0x000000a234000000,0x000000a234100000] [id=24652]
  0x0000025d83d80d10 ConcurrentGCThread "G1 Conc#0" [stack: 0x000000a234100000,0x000000a234200000] [id=37328]

[error occurred during error reporting (printing all threads), id 0xc0000005, EXCEPTION_ACCESS_VIOLATION (0xc0000005) at pc=0x00007ffe749fb2d7]

VM state: not at safepoint (not fully initialized)

VM Mutex/Monitor currently owned by a thread:  ([mutex/lock_event])
[0x0000025d83cba9a0] Heap_lock - owner thread: 0x0000025d83cc10b0

Heap address: 0x0000000603000000, size: 8144 MB, Compressed Oops mode: Zero based, Oop shift amount: 3

CDS archive(s) mapped at: [0x0000000000000000-0x0000000000000000-0x0000000000000000), size 0, SharedBaseAddress: 0x0000000800000000, ArchiveRelocationMode: 1.
Narrow klass base: 0x0000000000000000, Narrow klass shift: 0, Narrow klass range: 0x0

GC Precious Log:
<Empty>

Heap:
 garbage-first heap   total 0K, used 0K [0x0000000603000000, 0x0000000800000000)
  region size 4096K, 0 young (0K), 0 survivors (0K)

[error occurred during error reporting (printing heap information), id 0xc0000005, EXCEPTION_ACCESS_VIOLATION (0xc0000005) at pc=0x00007ffe74de2229]

GC Heap History (0 events):
No events

Deoptimization events (0 events):
No events

Classes unloaded (0 events):
No events

Classes redefined (0 events):
No events

Internal exceptions (0 events):
No events

VM Operations (0 events):
No events

Events (1 events):
Event: 0.005 Loaded shared library C:\Program Files\Java\jdk-17\bin\java.dll


Dynamic libraries:
0x00007ff7bdd70000 - 0x00007ff7bdd80000 	C:\Program Files\Java\jdk-17\bin\java.exe
0x00007ffef96d0000 - 0x00007ffef98c7000 	C:\Windows\SYSTEM32\ntdll.dll
0x00007ffef90f0000 - 0x00007ffef91ad000 	C:\Windows\System32\KERNEL32.DLL
0x00007ffef6e40000 - 0x00007ffef7136000 	C:\Windows\System32\KERNELBASE.dll
0x00007ffef7430000 - 0x00007ffef7530000 	C:\Windows\System32\ucrtbase.dll
0x00007ffeee5b0000 - 0x00007ffeee5cb000 	C:\Program Files\Java\jdk-17\bin\VCRUNTIME140.dll
0x00007ffeee970000 - 0x00007ffeee989000 	C:\Program Files\Java\jdk-17\bin\jli.dll
0x00007ffef91b0000 - 0x00007ffef925e000 	C:\Windows\System32\ADVAPI32.dll
0x00007ffef92e0000 - 0x00007ffef937e000 	C:\Windows\System32\msvcrt.dll
0x00007ffef9390000 - 0x00007ffef942c000 	C:\Windows\System32\sechost.dll
0x00007ffef8fc0000 - 0x00007ffef90e6000 	C:\Windows\System32\RPCRT4.dll
0x00007ffef8e20000 - 0x00007ffef8fbe000 	C:\Windows\System32\USER32.dll
0x00007ffef7140000 - 0x00007ffef7162000 	C:\Windows\System32\win32u.dll
0x00007ffee9b90000 - 0x00007ffee9e2a000 	C:\Windows\WinSxS\amd64_microsoft.windows.common-controls_6595b64144ccf1df_6.0.19041.3570_none_60bb2a3971f3e41a\COMCTL32.dll
0x00007ffef77c0000 - 0x00007ffef77ec000 	C:\Windows\System32\GDI32.dll
0x00007ffef7310000 - 0x00007ffef742a000 	C:\Windows\System32\gdi32full.dll
0x00007ffef7690000 - 0x00007ffef772d000 	C:\Windows\System32\msvcp_win.dll
0x00007ffeefc00000 - 0x00007ffeefc0a000 	C:\Windows\SYSTEM32\VERSION.dll
0x00007ffef9490000 - 0x00007ffef94c0000 	C:\Windows\System32\IMM32.DLL
0x00007ffeee7c0000 - 0x00007ffeee7cc000 	C:\Program Files\Java\jdk-17\bin\vcruntime140_1.dll
0x00007ffec1e40000 - 0x00007ffec1ece000 	C:\Program Files\Java\jdk-17\bin\msvcp140.dll
0x00007ffe74710000 - 0x00007ffe752f1000 	C:\Program Files\Java\jdk-17\bin\server\jvm.dll
0x00007ffef9380000 - 0x00007ffef9388000 	C:\Windows\System32\PSAPI.DLL
0x00007ffee9350000 - 0x00007ffee9377000 	C:\Windows\SYSTEM32\WINMM.dll
0x00007ffef14a0000 - 0x00007ffef14a9000 	C:\Windows\SYSTEM32\WSOCK32.dll
0x00007ffef8db0000 - 0x00007ffef8e1b000 	C:\Windows\System32\WS2_32.dll
0x00007ffef55f0000 - 0x00007ffef5602000 	C:\Windows\SYSTEM32\kernel.appcore.dll
0x00007ffeee7a0000 - 0x00007ffeee7aa000 	C:\Program Files\Java\jdk-17\bin\jimage.dll
0x00007ffef4aa0000 - 0x00007ffef4c84000 	C:\Windows\SYSTEM32\DBGHELP.DLL
0x00007ffeeef00000 - 0x00007ffeeef34000 	C:\Windows\SYSTEM32\dbgcore.DLL
0x00007ffef6db0000 - 0x00007ffef6e32000 	C:\Windows\System32\bcryptPrimitives.dll
0x00007ffee6710000 - 0x00007ffee6735000 	C:\Program Files\Java\jdk-17\bin\java.dll

dbghelp: loaded successfully - version: 4.0.5 - missing functions: none
symbol engine: initialized successfully - sym options: 0x614 - pdb path: .;C:\Program Files\Java\jdk-17\bin;C:\Windows\SYSTEM32;C:\Windows\WinSxS\amd64_microsoft.windows.common-controls_6595b64144ccf1df_6.0.19041.3570_none_60bb2a3971f3e41a;C:\Program Files\Java\jdk-17\bin\server

VM Arguments:
jvm_args: --add-modules=javafx.controls,javafx.media --module-path=C:\Users\admin\.gradle\caches\modules-2\files-2.1\org.openjfx\javafx-controls\17.0.2\707f290bacde2738c0a7e1d0b4a8193002c29cf7\javafx-controls-17.0.2-win.jar;C:\Users\admin\.gradle\caches\modules-2\files-2.1\org.openjfx\javafx-media\17.0.2\5c6c84557bcd0016b5784d2b0cd8ae769e63d4ed\javafx-media-17.0.2-win.jar;C:\Users\admin\.gradle\caches\modules-2\files-2.1\org.openjfx\javafx-graphics\17.0.2\6f95886c8fed3e1b21370a199c3937846ef6b3cc\javafx-graphics-17.0.2-win.jar;C:\Users\admin\.gradle\caches\modules-2\files-2.1\org.openjfx\javafx-base\17.0.2\1bd6dc88b180a6239a5067320c2f0d7f3526e1d2\javafx-base-17.0.2-win.jar -Dfile.encoding=GBK -Duser.country=CN -Duser.language=zh -Duser.variant 
java_command: invaders.App
java_class_path (initial): D:\Damianxiao\space invaders soft2201\ass3\build\classes\java\main;D:\Damianxiao\space invaders soft2201\ass3\build\resources\main;C:\Users\admin\.gradle\caches\modules-2\files-2.1\com.googlecode.json-simple\json-simple\1.1.1\c9ad4a0850ab676c5c64461a05ca524cdfff59f1\json-simple-1.1.1.jar;C:\Users\admin\.gradle\caches\modules-2\files-2.1\junit\junit\4.10\e4f1766ce7404a08f45d859fb9c226fc9e41a861\junit-4.10.jar;C:\Users\admin\.gradle\caches\modules-2\files-2.1\org.hamcrest\hamcrest-core\1.1\860340562250678d1a344907ac75754e259cdb14\hamcrest-core-1.1.jar
Launcher Type: SUN_STANDARD

[Global flags]
     intx CICompilerCount                          = 12                                        {product} {ergonomic}
     uint ConcGCThreads                            = 3                                         {product} {ergonomic}
     uint G1ConcRefinementThreads                  = 13                                        {product} {ergonomic}
   size_t G1HeapRegionSize                         = 4194304                                   {product} {ergonomic}
    uintx GCDrainStackTargetSize                   = 64                                        {product} {ergonomic}
   size_t InitialHeapSize                          = 536870912                                 {product} {ergonomic}
   size_t MarkStackSize                            = 4194304                                   {product} {ergonomic}
   size_t MaxHeapSize                              = 8539602944                                {product} {ergonomic}
   size_t MinHeapDeltaBytes                        = 4194304                                   {product} {ergonomic}
   size_t MinHeapSize                              = 8388608                                   {product} {ergonomic}
    uintx NonNMethodCodeHeapSize                   = 7602480                                {pd product} {ergonomic}
    uintx NonProfiledCodeHeapSize                  = 122027880                              {pd product} {ergonomic}
    uintx ProfiledCodeHeapSize                     = 122027880                              {pd product} {ergonomic}
    uintx ReservedCodeCacheSize                    = 251658240                              {pd product} {ergonomic}
     bool SegmentedCodeCache                       = true                                      {product} {ergonomic}
   size_t SoftMaxHeapSize                          = 8539602944                             {manageable} {ergonomic}
     bool UseCompressedClassPointers               = true                           {product lp64_product} {ergonomic}
     bool UseCompressedOops                        = true                           {product lp64_product} {ergonomic}
     bool UseG1GC                                  = true                                      {product} {ergonomic}
     bool UseLargePagesIndividualAllocation        = false                                  {pd product} {ergonomic}

Logging:
Log output configuration:
 #0: stdout all=warning uptime,level,tags
 #1: stderr all=off uptime,level,tags

Environment Variables:
PATH=C:\ProgramData\Oracle\Java\javapath;C:\Program Files\Common Files\Oracle\Java\javapath;D:\hu\FL\bin\;D:\Program Files\Microsoft MPI\Bin\;C:\Python27\;C:\Python27\Scripts;C:\Windows\system32;C:\Windows;C:\Windows\System32\Wbem;C:\Windows\System32\WindowsPowerShell\v1.0\;C:\Windows\System32\OpenSSH\;C:\Program Files\MATLAB\R2021b\runtime\win64;C:\Program Files\MATLAB\R2021b\bin;C:\Python36;C:\Python36\Scripts;C:\Program Files\NVIDIA Corporation\Nsight Compute 2020.2.1\;C:\Program Files (x86)\NVIDIA Corporation\PhysX\Common;D:\conda3\Scripts;C:\Program Files\dotnet\;C:\Program Files\apache-maven-3.9.4\bin;D:\Damianxiao\redis\;C:\Program Files\Git\cmd;C:\Program Files\MySQL\MySQL Shell 8.0\bin\;C:\Users\admin\AppData\Local\Microsoft\WindowsApps;C:\Program Files\JetBrains\PyCharm Community Edition 2019.1.2\bin;;D:\Microsoft VS Code\bin;D:\MIkTex\miktex\bin\x64\
USERNAME=damex
OS=Windows_NT
PROCESSOR_IDENTIFIER=Intel64 Family 6 Model 167 Stepping 1, GenuineIntel



---------------  S Y S T E M  ---------------

OS:
 Windows 10 , 64 bit Build 19041 (10.0.19041.3570)
OS uptime: 8 days 21:47 hours

CPU: total 16 (initial active 16) (8 cores per cpu, 2 threads per core) family 6 model 167 stepping 1 microcode 0x2c, cx8, cmov, fxsr, ht, mmx, 3dnowpref, sse, sse2, sse3, ssse3, sse4.1, sse4.2, popcnt, lzcnt, tsc, tscinvbit, avx, avx2, aes, erms, clmul, bmi1, bmi2, adx, avx512f, avx512dq, avx512cd, avx512bw, avx512vl, sha, fma, vzeroupper, avx512_vpopcntdq, avx512_vpclmulqdq, avx512_vaes, avx512_vnni, clflush, clflushopt, avx512_vbmi2, avx512_vbmi

Memory: 4k page, system-wide physical 32573M (3389M free)
TotalPageFile size 47485M (AvailPageFile size 300M)
current process WorkingSet (physical memory assigned to process): 11M, peak: 11M
current process commit charge ("private bytes"): 71M, peak: 582M

vm_info: Java HotSpot(TM) 64-Bit Server VM (17.0.9+11-LTS-201) for windows-amd64 JRE (17.0.9+11-LTS-201), built on Oct 10 2023 23:16:06 by "mach5one" with MS VC++ 17.1 (VS2022)

END.
